{"/Users/bernie/Code/share/test.js":{"path":"/Users/bernie/Code/share/test.js","s":{"1":1,"2":1,"3":1,"4":1,"5":1,"6":1,"7":1,"8":1,"9":1,"10":1,"11":1,"12":1,"13":1,"14":1,"15":1,"16":1,"17":1,"18":1,"19":1,"20":1,"21":1,"22":1,"23":1,"24":1,"25":1,"26":1,"27":1,"28":1,"29":1,"30":1,"31":1,"32":1,"33":1,"34":1,"35":1,"36":1,"37":1,"38":1,"39":1,"40":1,"41":1,"42":1,"43":1,"44":1,"45":1,"46":1,"47":1,"48":1,"49":1,"50":1,"51":1,"52":1,"53":1,"54":1},"b":{},"f":{"1":1,"2":1,"3":1,"4":1,"5":1,"6":1},"fnMap":{"1":{"name":"(anonymous_1)","line":5,"loc":{"start":{"line":5,"column":28},"end":{"line":5,"column":41}}},"2":{"name":"(anonymous_2)","line":7,"loc":{"start":{"line":7,"column":11},"end":{"line":7,"column":23}}},"3":{"name":"(anonymous_3)","line":10,"loc":{"start":{"line":10,"column":22},"end":{"line":10,"column":35}}},"4":{"name":"(anonymous_4)","line":23,"loc":{"start":{"line":23,"column":20},"end":{"line":23,"column":33}}},"5":{"name":"(anonymous_5)","line":34,"loc":{"start":{"line":34,"column":21},"end":{"line":34,"column":34}}},"6":{"name":"(anonymous_6)","line":49,"loc":{"start":{"line":49,"column":23},"end":{"line":49,"column":36}}}},"statementMap":{"1":{"start":{"line":1,"column":0},"end":{"line":1,"column":26}},"2":{"start":{"line":2,"column":0},"end":{"line":2,"column":25}},"3":{"start":{"line":3,"column":0},"end":{"line":3,"column":35}},"4":{"start":{"line":5,"column":0},"end":{"line":9,"column":2}},"5":{"start":{"line":6,"column":2},"end":{"line":6,"column":11}},"6":{"start":{"line":7,"column":2},"end":{"line":7,"column":78}},"7":{"start":{"line":7,"column":24},"end":{"line":7,"column":38}},"8":{"start":{"line":8,"column":2},"end":{"line":8,"column":9}},"9":{"start":{"line":10,"column":0},"end":{"line":22,"column":2}},"10":{"start":{"line":11,"column":2},"end":{"line":11,"column":11}},"11":{"start":{"line":12,"column":2},"end":{"line":12,"column":35}},"12":{"start":{"line":13,"column":2},"end":{"line":13,"column":28}},"13":{"start":{"line":14,"column":2},"end":{"line":14,"column":51}},"14":{"start":{"line":15,"column":2},"end":{"line":15,"column":43}},"15":{"start":{"line":17,"column":2},"end":{"line":17,"column":72}},"16":{"start":{"line":18,"column":2},"end":{"line":18,"column":79}},"17":{"start":{"line":19,"column":2},"end":{"line":19,"column":60}},"18":{"start":{"line":20,"column":2},"end":{"line":20,"column":30}},"19":{"start":{"line":21,"column":2},"end":{"line":21,"column":9}},"20":{"start":{"line":23,"column":0},"end":{"line":33,"column":2}},"21":{"start":{"line":24,"column":2},"end":{"line":24,"column":11}},"22":{"start":{"line":25,"column":2},"end":{"line":25,"column":35}},"23":{"start":{"line":26,"column":2},"end":{"line":26,"column":35}},"24":{"start":{"line":27,"column":2},"end":{"line":27,"column":43}},"25":{"start":{"line":29,"column":2},"end":{"line":29,"column":72}},"26":{"start":{"line":30,"column":2},"end":{"line":30,"column":58}},"27":{"start":{"line":31,"column":2},"end":{"line":31,"column":28}},"28":{"start":{"line":32,"column":2},"end":{"line":32,"column":9}},"29":{"start":{"line":34,"column":0},"end":{"line":48,"column":2}},"30":{"start":{"line":35,"column":2},"end":{"line":35,"column":11}},"31":{"start":{"line":36,"column":2},"end":{"line":36,"column":35}},"32":{"start":{"line":37,"column":2},"end":{"line":37,"column":28}},"33":{"start":{"line":38,"column":2},"end":{"line":38,"column":30}},"34":{"start":{"line":39,"column":2},"end":{"line":39,"column":68}},"35":{"start":{"line":40,"column":2},"end":{"line":40,"column":43}},"36":{"start":{"line":42,"column":2},"end":{"line":42,"column":79}},"37":{"start":{"line":43,"column":2},"end":{"line":43,"column":77}},"38":{"start":{"line":44,"column":2},"end":{"line":44,"column":90}},"39":{"start":{"line":45,"column":2},"end":{"line":45,"column":59}},"40":{"start":{"line":46,"column":2},"end":{"line":46,"column":29}},"41":{"start":{"line":47,"column":2},"end":{"line":47,"column":9}},"42":{"start":{"line":49,"column":0},"end":{"line":63,"column":2}},"43":{"start":{"line":50,"column":2},"end":{"line":50,"column":11}},"44":{"start":{"line":51,"column":2},"end":{"line":51,"column":35}},"45":{"start":{"line":52,"column":2},"end":{"line":52,"column":34}},"46":{"start":{"line":53,"column":2},"end":{"line":53,"column":99}},"47":{"start":{"line":54,"column":2},"end":{"line":54,"column":84}},"48":{"start":{"line":55,"column":2},"end":{"line":55,"column":43}},"49":{"start":{"line":57,"column":2},"end":{"line":57,"column":76}},"50":{"start":{"line":58,"column":2},"end":{"line":58,"column":90}},"51":{"start":{"line":59,"column":2},"end":{"line":59,"column":79}},"52":{"start":{"line":60,"column":2},"end":{"line":60,"column":61}},"53":{"start":{"line":61,"column":2},"end":{"line":61,"column":31}},"54":{"start":{"line":62,"column":2},"end":{"line":62,"column":9}}},"branchMap":{}},"/Users/bernie/Code/share/index.js":{"path":"/Users/bernie/Code/share/index.js","s":{"1":1,"2":1,"3":5,"4":5,"5":1,"6":4,"7":1,"8":1,"9":1,"10":1,"11":1,"12":1,"13":1,"14":1,"15":1,"16":1,"17":1,"18":1,"19":1,"20":1,"21":1,"22":1,"23":1,"24":1,"25":1},"b":{"1":[5,2],"2":[1,4],"3":[1,0],"4":[1,0],"5":[1,0],"6":[1,0],"7":[1,0]},"f":{"1":5,"2":1,"3":1,"4":1,"5":1},"fnMap":{"1":{"name":"(anonymous_1)","line":3,"loc":{"start":{"line":3,"column":17},"end":{"line":3,"column":47}}},"2":{"name":"(anonymous_2)","line":13,"loc":{"start":{"line":13,"column":12},"end":{"line":13,"column":33}}},"3":{"name":"(anonymous_3)","line":20,"loc":{"start":{"line":20,"column":10},"end":{"line":20,"column":31}}},"4":{"name":"(anonymous_4)","line":26,"loc":{"start":{"line":26,"column":13},"end":{"line":26,"column":34}}},"5":{"name":"(anonymous_5)","line":34,"loc":{"start":{"line":34,"column":11},"end":{"line":34,"column":32}}}},"statementMap":{"1":{"start":{"line":1,"column":0},"end":{"line":1,"column":31}},"2":{"start":{"line":3,"column":0},"end":{"line":10,"column":1}},"3":{"start":{"line":5,"column":2},"end":{"line":5,"column":19}},"4":{"start":{"line":7,"column":2},"end":{"line":7,"column":74}},"5":{"start":{"line":7,"column":25},"end":{"line":7,"column":74}},"6":{"start":{"line":8,"column":2},"end":{"line":8,"column":36}},"7":{"start":{"line":12,"column":0},"end":{"line":42,"column":1}},"8":{"start":{"line":14,"column":4},"end":{"line":16,"column":5}},"9":{"start":{"line":17,"column":4},"end":{"line":17,"column":32}},"10":{"start":{"line":17,"column":16},"end":{"line":17,"column":32}},"11":{"start":{"line":18,"column":4},"end":{"line":18,"column":78}},"12":{"start":{"line":21,"column":4},"end":{"line":23,"column":5}},"13":{"start":{"line":24,"column":4},"end":{"line":24,"column":65}},"14":{"start":{"line":27,"column":4},"end":{"line":29,"column":5}},"15":{"start":{"line":30,"column":4},"end":{"line":30,"column":44}},"16":{"start":{"line":30,"column":20},"end":{"line":30,"column":44}},"17":{"start":{"line":31,"column":4},"end":{"line":31,"column":62}},"18":{"start":{"line":31,"column":26},"end":{"line":31,"column":62}},"19":{"start":{"line":32,"column":4},"end":{"line":32,"column":75}},"20":{"start":{"line":35,"column":4},"end":{"line":37,"column":5}},"21":{"start":{"line":38,"column":4},"end":{"line":38,"column":41}},"22":{"start":{"line":38,"column":19},"end":{"line":38,"column":41}},"23":{"start":{"line":39,"column":4},"end":{"line":39,"column":38}},"24":{"start":{"line":39,"column":18},"end":{"line":39,"column":38}},"25":{"start":{"line":40,"column":4},"end":{"line":40,"column":68}}},"branchMap":{"1":{"line":5,"type":"binary-expr","locations":[{"start":{"line":5,"column":9},"end":{"line":5,"column":13}},{"start":{"line":5,"column":17},"end":{"line":5,"column":19}}]},"2":{"line":7,"type":"if","locations":[{"start":{"line":7,"column":2},"end":{"line":7,"column":2}},{"start":{"line":7,"column":2},"end":{"line":7,"column":2}}]},"3":{"line":17,"type":"if","locations":[{"start":{"line":17,"column":4},"end":{"line":17,"column":4}},{"start":{"line":17,"column":4},"end":{"line":17,"column":4}}]},"4":{"line":30,"type":"if","locations":[{"start":{"line":30,"column":4},"end":{"line":30,"column":4}},{"start":{"line":30,"column":4},"end":{"line":30,"column":4}}]},"5":{"line":31,"type":"if","locations":[{"start":{"line":31,"column":4},"end":{"line":31,"column":4}},{"start":{"line":31,"column":4},"end":{"line":31,"column":4}}]},"6":{"line":38,"type":"if","locations":[{"start":{"line":38,"column":4},"end":{"line":38,"column":4}},{"start":{"line":38,"column":4},"end":{"line":38,"column":4}}]},"7":{"line":39,"type":"if","locations":[{"start":{"line":39,"column":4},"end":{"line":39,"column":4}},{"start":{"line":39,"column":4},"end":{"line":39,"column":4}}]}}}}